2025-06-04 18:19:53,066 [F2] [F3] execute_buy_list start
2025-06-04 18:19:53,066 [F2] [F3] Targets: []
2025-06-04 18:19:53,067 [F2] [F3] No buy candidates found
2025-06-04 18:19:56,258 [F2] [F3] execute_buy_list start
2025-06-04 18:19:56,260 [F2] [F3] Targets: []
2025-06-04 18:19:56,260 [F2] [F3] No buy candidates found
2025-06-04 18:20:08,094 [F2] [F3] execute_buy_list start
2025-06-04 18:20:08,099 [F2] [F3] Targets: []
2025-06-04 18:20:08,100 [F2] [F3] No buy candidates found
2025-06-04 18:20:11,270 [F2] [F3] execute_buy_list start
2025-06-04 18:20:11,271 [F2] [F3] Targets: []
2025-06-04 18:20:11,286 [F2] [F3] No buy candidates found
2025-06-04 18:20:23,123 [F2] [F3] execute_buy_list start
2025-06-04 18:20:23,125 [F2] [F3] Targets: []
2025-06-04 18:20:23,125 [F2] [F3] No buy candidates found
2025-06-04 18:20:26,313 [F2] [F3] execute_buy_list start
2025-06-04 18:20:26,314 [F2] [F3] Targets: []
2025-06-04 18:20:26,315 [F2] [F3] No buy candidates found
2025-06-04 18:20:38,150 [F2] [F3] execute_buy_list start
2025-06-04 18:20:38,155 [F2] [F3] Targets: []
2025-06-04 18:20:38,156 [F2] [F3] No buy candidates found
2025-06-04 18:20:41,345 [F2] [F3] execute_buy_list start
2025-06-04 18:20:41,346 [F2] [F3] Targets: []
2025-06-04 18:20:41,347 [F2] [F3] No buy candidates found
2025-06-04 18:20:53,165 [F2] [F3] execute_buy_list start
2025-06-04 18:20:53,165 [F2] [F3] Targets: []
2025-06-04 18:20:53,165 [F2] [F3] No buy candidates found
2025-06-04 18:20:56,359 [F2] [F3] execute_buy_list start
2025-06-04 18:20:56,359 [F2] [F3] Targets: []
2025-06-04 18:20:56,359 [F2] [F3] No buy candidates found
2025-06-04 18:21:08,180 [F2] [F3] execute_buy_list start
2025-06-04 18:21:08,180 [F2] [F3] Targets: []
2025-06-04 18:21:08,181 [F2] [F3] No buy candidates found
2025-06-04 18:21:11,367 [F2] [F3] execute_buy_list start
2025-06-04 18:21:11,369 [F2] [F3] Targets: []
2025-06-04 18:21:11,369 [F2] [F3] No buy candidates found
2025-06-04 18:21:23,200 [F2] [F3] execute_buy_list start
2025-06-04 18:21:23,201 [F2] [F3] Targets: []
2025-06-04 18:21:23,202 [F2] [F3] No buy candidates found
2025-06-04 18:21:26,388 [F2] [F3] execute_buy_list start
2025-06-04 18:21:26,389 [F2] [F3] Targets: []
2025-06-04 18:21:26,390 [F2] [F3] No buy candidates found
2025-06-04 18:21:38,211 [F2] [F3] execute_buy_list start
2025-06-04 18:21:38,211 [F2] [F3] Targets: []
2025-06-04 18:21:38,211 [F2] [F3] No buy candidates found
2025-06-04 18:21:41,404 [F2] [F3] execute_buy_list start
2025-06-04 18:21:41,405 [F2] [F3] Targets: []
2025-06-04 18:21:41,405 [F2] [F3] No buy candidates found
2025-06-04 18:21:53,221 [F2] [F3] execute_buy_list start
2025-06-04 18:21:53,221 [F2] [F3] Targets: []
2025-06-04 18:21:53,221 [F2] [F3] No buy candidates found
2025-06-04 18:21:56,420 [F2] [F3] execute_buy_list start
2025-06-04 18:21:56,421 [F2] [F3] Targets: []
2025-06-04 18:21:56,421 [F2] [F3] No buy candidates found
2025-06-04 18:22:12,962 [F2] [F3] execute_buy_list start
2025-06-04 18:22:12,964 [F2] [F3] Targets: []
2025-06-04 18:22:12,964 [F2] [F3] No buy candidates found
2025-06-04 18:22:16,770 [F2] [F3] execute_buy_list start
2025-06-04 18:22:16,772 [F2] [F3] Targets: []
2025-06-04 18:22:16,772 [F2] [F3] No buy candidates found
2025-06-04 18:22:31,747 [F2] [F3] execute_buy_list start
2025-06-04 18:22:31,748 [F2] [F3] Targets: []
2025-06-04 18:22:31,749 [F2] [F3] No buy candidates found
2025-06-04 18:22:36,237 [F2] [F3] execute_buy_list start
2025-06-04 18:22:36,239 [F2] [F3] Targets: []
2025-06-04 18:22:36,239 [F2] [F3] No buy candidates found
2025-06-04 18:22:49,558 [F2] [F3] execute_buy_list start
2025-06-04 18:22:49,559 [F2] [F3] Targets: []
2025-06-04 18:22:49,559 [F2] [F3] No buy candidates found
2025-06-04 18:22:54,225 [F2] [F3] execute_buy_list start
2025-06-04 18:22:54,226 [F2] [F3] Targets: []
2025-06-04 18:22:54,226 [F2] [F3] No buy candidates found
2025-06-04 18:23:07,734 [F2] [F3] execute_buy_list start
2025-06-04 18:23:07,735 [F2] [F3] Targets: []
2025-06-04 18:23:07,735 [F2] [F3] No buy candidates found
2025-06-04 18:23:12,664 [F2] [F3] execute_buy_list start
2025-06-04 18:23:12,666 [F2] [F3] Targets: []
2025-06-04 18:23:12,666 [F2] [F3] No buy candidates found
2025-06-04 18:23:25,599 [F2] [F3] execute_buy_list start
2025-06-04 18:23:25,600 [F2] [F3] Targets: []
2025-06-04 18:23:25,600 [F2] [F3] No buy candidates found
2025-06-04 18:23:30,738 [F2] [F3] execute_buy_list start
2025-06-04 18:23:30,739 [F2] [F3] Targets: []
2025-06-04 18:23:30,740 [F2] [F3] No buy candidates found
2025-06-04 18:23:43,670 [F2] [F3] execute_buy_list start
2025-06-04 18:23:43,671 [F2] [F3] Targets: []
2025-06-04 18:23:43,671 [F2] [F3] No buy candidates found
2025-06-04 18:23:49,150 [F2] [F3] execute_buy_list start
2025-06-04 18:23:49,151 [F2] [F3] Targets: []
2025-06-04 18:23:49,152 [F2] [F3] No buy candidates found
2025-06-04 18:24:01,847 [F2] [F3] execute_buy_list start
2025-06-04 18:24:01,848 [F2] [F3] Targets: []
2025-06-04 18:24:01,848 [F2] [F3] No buy candidates found
2025-06-04 18:24:07,663 [F2] [F3] execute_buy_list start
2025-06-04 18:24:07,664 [F2] [F3] Targets: []
2025-06-04 18:24:07,665 [F2] [F3] No buy candidates found
2025-06-04 18:24:20,093 [F2] [F3] execute_buy_list start
2025-06-04 18:24:20,095 [F2] [F3] Targets: []
2025-06-04 18:24:20,095 [F2] [F3] No buy candidates found
2025-06-04 18:24:26,382 [F2] [F3] execute_buy_list start
2025-06-04 18:24:26,383 [F2] [F3] Targets: []
2025-06-04 18:24:26,383 [F2] [F3] No buy candidates found
2025-06-04 18:24:38,882 [F2] [F3] execute_buy_list start
2025-06-04 18:24:38,883 [F2] [F3] Targets: []
2025-06-04 18:24:38,884 [F2] [F3] No buy candidates found
2025-06-04 18:24:45,354 [F2] [F3] execute_buy_list start
2025-06-04 18:24:45,356 [F2] [F3] Targets: []
2025-06-04 18:24:45,357 [F2] [F3] No buy candidates found
2025-06-04 18:24:57,201 [F2] [F3] execute_buy_list start
2025-06-04 18:24:57,202 [F2] [F3] Targets: []
2025-06-04 18:24:57,202 [F2] [F3] No buy candidates found
2025-06-04 18:25:04,755 [F2] [F3] execute_buy_list start
2025-06-04 18:25:04,756 [F2] [F3] Targets: []
2025-06-04 18:25:04,757 [F2] [F3] No buy candidates found
2025-06-04 18:25:16,515 [F2] [F3] execute_buy_list start
2025-06-04 18:25:16,516 [F2] [F3] Targets: []
2025-06-04 18:25:16,516 [F2] [F3] No buy candidates found
2025-06-04 18:25:23,892 [F2] [F3] execute_buy_list start
2025-06-04 18:25:23,894 [F2] [F3] Targets: []
2025-06-04 18:25:23,895 [F2] [F3] No buy candidates found
2025-06-04 18:25:37,208 [F2] [F3] execute_buy_list start
2025-06-04 18:25:37,210 [F2] [F3] Targets: []
2025-06-04 18:25:37,210 [F2] [F3] No buy candidates found
2025-06-04 18:25:44,399 [F2] [F3] execute_buy_list start
2025-06-04 18:25:44,401 [F2] [F3] Targets: []
2025-06-04 18:25:44,402 [F2] [F3] No buy candidates found
2025-06-04 18:25:57,602 [F2] [F3] execute_buy_list start
2025-06-04 18:25:57,604 [F2] [F3] Targets: []
2025-06-04 18:25:57,604 [F2] [F3] No buy candidates found
2025-06-04 18:26:03,546 [F2] [F3] execute_buy_list start
2025-06-04 18:26:03,547 [F2] [F3] Targets: []
2025-06-04 18:26:03,547 [F2] [F3] No buy candidates found
2025-06-04 18:26:16,844 [F2] [F3] execute_buy_list start
2025-06-04 18:26:16,845 [F2] [F3] Targets: []
2025-06-04 18:26:16,846 [F2] [F3] No buy candidates found
2025-06-04 18:26:22,790 [F2] [F3] execute_buy_list start
2025-06-04 18:26:22,791 [F2] [F3] Targets: []
2025-06-04 18:26:22,792 [F2] [F3] No buy candidates found
2025-06-04 18:26:35,670 [F2] [F3] execute_buy_list start
2025-06-04 18:26:35,670 [F2] [F3] Targets: []
2025-06-04 18:26:35,672 [F2] [F3] No buy candidates found
2025-06-04 18:26:41,708 [F2] [F3] execute_buy_list start
2025-06-04 18:26:41,709 [F2] [F3] Targets: []
2025-06-04 18:26:41,710 [F2] [F3] No buy candidates found
2025-06-04 18:26:54,336 [F2] [F3] execute_buy_list start
2025-06-04 18:26:54,337 [F2] [F3] Targets: []
2025-06-04 18:26:54,338 [F2] [F3] No buy candidates found
2025-06-04 18:27:00,299 [F2] [F3] execute_buy_list start
2025-06-04 18:27:00,301 [F2] [F3] Targets: []
2025-06-04 18:27:00,301 [F2] [F3] No buy candidates found
2025-06-04 18:27:13,156 [F2] [F3] execute_buy_list start
2025-06-04 18:27:13,158 [F2] [F3] Targets: []
2025-06-04 18:27:13,158 [F2] [F3] No buy candidates found
2025-06-04 18:27:19,133 [F2] [F3] execute_buy_list start
2025-06-04 18:27:19,135 [F2] [F3] Targets: []
2025-06-04 18:27:19,135 [F2] [F3] No buy candidates found
2025-06-04 18:27:31,852 [F2] [F3] execute_buy_list start
2025-06-04 18:27:31,853 [F2] [F3] Targets: []
2025-06-04 18:27:31,853 [F2] [F3] No buy candidates found
2025-06-04 18:27:37,305 [F2] [F3] execute_buy_list start
2025-06-04 18:27:37,306 [F2] [F3] Targets: []
2025-06-04 18:27:37,307 [F2] [F3] No buy candidates found
2025-06-04 18:27:49,596 [F2] [F3] execute_buy_list start
2025-06-04 18:27:49,598 [F2] [F3] Targets: []
2025-06-04 18:27:49,598 [F2] [F3] No buy candidates found
2025-06-04 18:27:55,326 [F2] [F3] execute_buy_list start
2025-06-04 18:27:55,328 [F2] [F3] Targets: []
2025-06-04 18:27:55,329 [F2] [F3] No buy candidates found
2025-06-04 18:28:07,503 [F2] [F3] execute_buy_list start
2025-06-04 18:28:07,504 [F2] [F3] Targets: []
2025-06-04 18:28:07,504 [F2] [F3] No buy candidates found
2025-06-04 18:28:13,475 [F2] [F3] execute_buy_list start
2025-06-04 18:28:13,477 [F2] [F3] Targets: []
2025-06-04 18:28:13,477 [F2] [F3] No buy candidates found
2025-06-04 18:28:25,357 [F2] [F3] execute_buy_list start
2025-06-04 18:28:25,358 [F2] [F3] Targets: []
2025-06-04 18:28:25,358 [F2] [F3] No buy candidates found
2025-06-04 18:28:32,127 [F2] [F3] execute_buy_list start
2025-06-04 18:28:32,128 [F2] [F3] Targets: []
2025-06-04 18:28:32,129 [F2] [F3] No buy candidates found
2025-06-04 18:28:43,745 [F2] [F3] execute_buy_list start
2025-06-04 18:28:43,746 [F2] [F3] Targets: []
2025-06-04 18:28:43,746 [F2] [F3] No buy candidates found
2025-06-04 18:28:50,365 [F2] [F3] execute_buy_list start
2025-06-04 18:28:50,366 [F2] [F3] Targets: []
2025-06-04 18:28:50,366 [F2] [F3] No buy candidates found
2025-06-04 18:29:02,016 [F2] [F3] execute_buy_list start
2025-06-04 18:29:02,017 [F2] [F3] Targets: []
2025-06-04 18:29:02,017 [F2] [F3] No buy candidates found
2025-06-04 18:29:08,267 [F2] [F3] execute_buy_list start
2025-06-04 18:29:08,269 [F2] [F3] Targets: []
2025-06-04 18:29:08,269 [F2] [F3] No buy candidates found
2025-06-04 18:29:19,752 [F2] [F3] execute_buy_list start
2025-06-04 18:29:19,753 [F2] [F3] Targets: []
2025-06-04 18:29:19,753 [F2] [F3] No buy candidates found
2025-06-04 18:29:25,901 [F2] [F3] execute_buy_list start
2025-06-04 18:29:25,903 [F2] [F3] Targets: []
2025-06-04 18:29:25,904 [F2] [F3] No buy candidates found
2025-06-04 18:29:37,376 [F2] [F3] execute_buy_list start
2025-06-04 18:29:37,378 [F2] [F3] Targets: []
2025-06-04 18:29:37,378 [F2] [F3] No buy candidates found
2025-06-04 18:29:43,674 [F2] [F3] execute_buy_list start
2025-06-04 18:29:43,675 [F2] [F3] Targets: []
2025-06-04 18:29:43,676 [F2] [F3] No buy candidates found
2025-06-04 18:29:55,113 [F2] [F3] execute_buy_list start
2025-06-04 18:29:55,114 [F2] [F3] Targets: []
2025-06-04 18:29:55,114 [F2] [F3] No buy candidates found
2025-06-04 18:30:01,484 [F2] [F3] execute_buy_list start
2025-06-04 18:30:01,486 [F2] [F3] Targets: []
2025-06-04 18:30:01,486 [F2] [F3] No buy candidates found
2025-06-04 18:30:13,233 [F2] [F3] execute_buy_list start
2025-06-04 18:30:13,234 [F2] [F3] Targets: []
2025-06-04 18:30:13,234 [F2] [F3] No buy candidates found
2025-06-04 18:30:20,395 [F2] [F3] execute_buy_list start
2025-06-04 18:30:20,396 [F2] [F3] Targets: []
2025-06-04 18:30:20,396 [F2] [F3] No buy candidates found
2025-06-04 18:30:30,877 [F2] [F3] execute_buy_list start
2025-06-04 18:30:30,878 [F2] [F3] Targets: []
2025-06-04 18:30:30,878 [F2] [F3] No buy candidates found
2025-06-04 18:30:38,171 [F2] [F3] execute_buy_list start
2025-06-04 18:30:38,172 [F2] [F3] Targets: []
2025-06-04 18:30:38,172 [F2] [F3] No buy candidates found
2025-06-04 18:30:48,495 [F2] [F3] execute_buy_list start
2025-06-04 18:30:48,496 [F2] [F3] Targets: ['KRW-PENDLE']
2025-06-04 18:30:48,549 [F2] [F3] Ticker prices: {'KRW-PENDLE': 6038.0}
2025-06-04 18:30:48,549 [F2] [F3] Executing buy for KRW-PENDLE at 6038.0
2025-06-04 18:31:15,781 [F2] execute_buy_list failed: [Errno 36] Resource deadlock avoided
Traceback (most recent call last):
  File "D:\UPBIT_ML\f3_order\order_executor.py", line 296, in entry
    self._set_pending_flag(symbol, 1)
  File "D:\UPBIT_ML\f3_order\order_executor.py", line 200, in _set_pending_flag
    with _buy_list_lock(path) as fh:
  File "C:\Users\hslee\AppData\Local\Programs\Python\Python310\lib\contextlib.py", line 135, in __enter__
    return next(self.gen)
  File "D:\UPBIT_ML\f3_order\order_executor.py", line 93, in _buy_list_lock
    msvcrt.locking(fh.fileno(), msvcrt.LK_LOCK, 1)
OSError: [Errno 36] Resource deadlock avoided

During handling of the above exception, another exception occurred:

Traceback (most recent call last):
  File "D:\UPBIT_ML\f2_ml_buy_signal\03_buy_signal_engine\buy_list_executor.py", line 138, in execute_buy_list
    if oe.entry(signal):
  File "D:\UPBIT_ML\f3_order\order_executor.py", line 357, in entry
    self._set_pending_flag(signal.get("symbol"), 0)
  File "D:\UPBIT_ML\f3_order\order_executor.py", line 200, in _set_pending_flag
    with _buy_list_lock(path) as fh:
  File "C:\Users\hslee\AppData\Local\Programs\Python\Python310\lib\contextlib.py", line 135, in __enter__
    return next(self.gen)
  File "D:\UPBIT_ML\f3_order\order_executor.py", line 93, in _buy_list_lock
    msvcrt.locking(fh.fileno(), msvcrt.LK_LOCK, 1)
OSError: [Errno 36] Resource deadlock avoided
2025-06-04 18:31:20,387 [F2] [F3] execute_buy_list start
2025-06-04 18:31:20,388 [F2] [F3] Targets: []
2025-06-04 18:31:20,389 [F2] [F3] No buy candidates found
2025-06-04 18:31:33,493 [F2] [F3] execute_buy_list start
2025-06-04 18:31:33,493 [F2] [F3] Targets: []
2025-06-04 18:31:33,495 [F2] [F3] No buy candidates found
2025-06-04 18:31:38,404 [F2] [F3] execute_buy_list start
2025-06-04 18:31:38,405 [F2] [F3] Targets: []
2025-06-04 18:31:38,406 [F2] [F3] No buy candidates found
