2025-06-04 19:26:38,269 [F2] [F3] execute_buy_list start
2025-06-04 19:26:38,270 [F2] [F3] Targets: []
2025-06-04 19:26:38,270 [F2] [F3] No buy candidates found
2025-06-04 19:26:41,531 [F2] [F3] execute_buy_list start
2025-06-04 19:26:41,533 [F2] [F3] Targets: []
2025-06-04 19:26:41,534 [F2] [F3] No buy candidates found
2025-06-04 19:26:53,281 [F2] [F3] execute_buy_list start
2025-06-04 19:26:53,281 [F2] [F3] Targets: []
2025-06-04 19:26:53,282 [F2] [F3] No buy candidates found
2025-06-04 19:26:56,547 [F2] [F3] execute_buy_list start
2025-06-04 19:26:56,547 [F2] [F3] Targets: []
2025-06-04 19:26:56,561 [F2] [F3] No buy candidates found
2025-06-04 19:27:08,301 [F2] [F3] execute_buy_list start
2025-06-04 19:27:08,302 [F2] [F3] Targets: []
2025-06-04 19:27:08,303 [F2] [F3] No buy candidates found
2025-06-04 19:27:11,576 [F2] [F3] execute_buy_list start
2025-06-04 19:27:11,577 [F2] [F3] Targets: []
2025-06-04 19:27:11,578 [F2] [F3] No buy candidates found
2025-06-04 19:27:23,318 [F2] [F3] execute_buy_list start
2025-06-04 19:27:23,318 [F2] [F3] Targets: []
2025-06-04 19:27:23,318 [F2] [F3] No buy candidates found
2025-06-04 19:27:26,592 [F2] [F3] execute_buy_list start
2025-06-04 19:27:26,593 [F2] [F3] Targets: []
2025-06-04 19:27:26,594 [F2] [F3] No buy candidates found
2025-06-04 19:27:38,332 [F2] [F3] execute_buy_list start
2025-06-04 19:27:38,333 [F2] [F3] Targets: []
2025-06-04 19:27:38,333 [F2] [F3] No buy candidates found
2025-06-04 19:27:41,605 [F2] [F3] execute_buy_list start
2025-06-04 19:27:41,606 [F2] [F3] Targets: []
2025-06-04 19:27:41,606 [F2] [F3] No buy candidates found
2025-06-04 19:27:53,343 [F2] [F3] execute_buy_list start
2025-06-04 19:27:53,344 [F2] [F3] Targets: []
2025-06-04 19:27:53,344 [F2] [F3] No buy candidates found
2025-06-04 19:27:56,624 [F2] [F3] execute_buy_list start
2025-06-04 19:27:56,624 [F2] [F3] Targets: []
2025-06-04 19:27:56,625 [F2] [F3] No buy candidates found
2025-06-04 19:28:08,354 [F2] [F3] execute_buy_list start
2025-06-04 19:28:08,354 [F2] [F3] Targets: []
2025-06-04 19:28:08,354 [F2] [F3] No buy candidates found
2025-06-04 19:28:11,646 [F2] [F3] execute_buy_list start
2025-06-04 19:28:11,646 [F2] [F3] Targets: []
2025-06-04 19:28:11,646 [F2] [F3] No buy candidates found
2025-06-04 19:28:23,373 [F2] [F3] execute_buy_list start
2025-06-04 19:28:23,374 [F2] [F3] Targets: []
2025-06-04 19:28:23,374 [F2] [F3] No buy candidates found
2025-06-04 19:28:31,219 [F2] [F3] execute_buy_list start
2025-06-04 19:28:31,220 [F2] [F3] Targets: []
2025-06-04 19:28:31,221 [F2] [F3] No buy candidates found
2025-06-04 19:28:42,354 [F2] [F3] execute_buy_list start
2025-06-04 19:28:42,355 [F2] [F3] Targets: []
2025-06-04 19:28:42,356 [F2] [F3] No buy candidates found
2025-06-04 19:28:48,774 [F2] [F3] execute_buy_list start
2025-06-04 19:28:48,775 [F2] [F3] Targets: []
2025-06-04 19:28:48,775 [F2] [F3] No buy candidates found
2025-06-04 19:28:59,834 [F2] [F3] execute_buy_list start
2025-06-04 19:28:59,835 [F2] [F3] Targets: ['KRW-SAFE']
2025-06-04 19:28:59,898 [F2] [F3] Ticker prices: {'KRW-SAFE': 736.1}
2025-06-04 19:28:59,898 [F2] [F3] Executing buy for KRW-SAFE at 736.1
2025-06-04 19:29:27,195 [F2] execute_buy_list failed: [Errno 36] Resource deadlock avoided
Traceback (most recent call last):
  File "D:\UPBIT_ML\f3_order\order_executor.py", line 296, in entry
    self._set_pending_flag(symbol, 1)
  File "D:\UPBIT_ML\f3_order\order_executor.py", line 200, in _set_pending_flag
    with _buy_list_lock(path) as fh:
  File "C:\Users\hslee\AppData\Local\Programs\Python\Python310\lib\contextlib.py", line 135, in __enter__
    return next(self.gen)
  File "D:\UPBIT_ML\f3_order\order_executor.py", line 93, in _buy_list_lock
    msvcrt.locking(fh.fileno(), msvcrt.LK_LOCK, 1)
OSError: [Errno 36] Resource deadlock avoided

During handling of the above exception, another exception occurred:

Traceback (most recent call last):
  File "D:\UPBIT_ML\f2_ml_buy_signal\03_buy_signal_engine\buy_list_executor.py", line 138, in execute_buy_list
    if oe.entry(signal):
  File "D:\UPBIT_ML\f3_order\order_executor.py", line 357, in entry
    self._set_pending_flag(signal.get("symbol"), 0)
  File "D:\UPBIT_ML\f3_order\order_executor.py", line 200, in _set_pending_flag
    with _buy_list_lock(path) as fh:
  File "C:\Users\hslee\AppData\Local\Programs\Python\Python310\lib\contextlib.py", line 135, in __enter__
    return next(self.gen)
  File "D:\UPBIT_ML\f3_order\order_executor.py", line 93, in _buy_list_lock
    msvcrt.locking(fh.fileno(), msvcrt.LK_LOCK, 1)
OSError: [Errno 36] Resource deadlock avoided
2025-06-04 19:29:30,465 [F2] [F3] execute_buy_list start
2025-06-04 19:29:30,466 [F2] [F3] Targets: ['KRW-SAFE']
2025-06-04 19:29:30,518 [F2] [F3] Ticker prices: {'KRW-SAFE': 736.1}
2025-06-04 19:29:30,519 [F2] [F3] Executing buy for KRW-SAFE at 736.1
2025-06-04 19:29:57,766 [F2] execute_buy_list failed: [Errno 36] Resource deadlock avoided
Traceback (most recent call last):
  File "D:\UPBIT_ML\f3_order\order_executor.py", line 296, in entry
    self._set_pending_flag(symbol, 1)
  File "D:\UPBIT_ML\f3_order\order_executor.py", line 200, in _set_pending_flag
    with _buy_list_lock(path) as fh:
  File "C:\Users\hslee\AppData\Local\Programs\Python\Python310\lib\contextlib.py", line 135, in __enter__
    return next(self.gen)
  File "D:\UPBIT_ML\f3_order\order_executor.py", line 93, in _buy_list_lock
    msvcrt.locking(fh.fileno(), msvcrt.LK_LOCK, 1)
OSError: [Errno 36] Resource deadlock avoided

During handling of the above exception, another exception occurred:

Traceback (most recent call last):
  File "D:\UPBIT_ML\f2_ml_buy_signal\03_buy_signal_engine\buy_list_executor.py", line 138, in execute_buy_list
    if oe.entry(signal):
  File "D:\UPBIT_ML\f3_order\order_executor.py", line 357, in entry
    self._set_pending_flag(signal.get("symbol"), 0)
  File "D:\UPBIT_ML\f3_order\order_executor.py", line 200, in _set_pending_flag
    with _buy_list_lock(path) as fh:
  File "C:\Users\hslee\AppData\Local\Programs\Python\Python310\lib\contextlib.py", line 135, in __enter__
    return next(self.gen)
  File "D:\UPBIT_ML\f3_order\order_executor.py", line 93, in _buy_list_lock
    msvcrt.locking(fh.fileno(), msvcrt.LK_LOCK, 1)
OSError: [Errno 36] Resource deadlock avoided
2025-06-04 19:30:08,918 [F2] [F3] execute_buy_list start
2025-06-04 19:30:08,919 [F2] [F3] Targets: ['KRW-SAFE']
2025-06-04 19:30:08,975 [F2] [F3] Ticker prices: {'KRW-SAFE': 736.1}
2025-06-04 19:30:08,976 [F2] [F3] Executing buy for KRW-SAFE at 736.1
2025-06-04 19:30:18,043 [F2] [F3] Executed buys: []
2025-06-04 19:30:21,384 [F2] [F3] execute_buy_list start
2025-06-04 19:30:21,385 [F2] [F3] Targets: []
2025-06-04 19:30:21,385 [F2] [F3] No buy candidates found
2025-06-04 19:30:35,525 [F2] [F3] execute_buy_list start
2025-06-04 19:30:35,526 [F2] [F3] Targets: []
2025-06-04 19:30:35,526 [F2] [F3] No buy candidates found
2025-06-04 19:30:39,046 [F2] [F3] execute_buy_list start
2025-06-04 19:30:39,048 [F2] [F3] Targets: []
2025-06-04 19:30:39,048 [F2] [F3] No buy candidates found
2025-06-04 19:30:52,938 [F2] [F3] execute_buy_list start
2025-06-04 19:30:52,939 [F2] [F3] Targets: []
2025-06-04 19:30:52,940 [F2] [F3] No buy candidates found
2025-06-04 19:30:56,623 [F2] [F3] execute_buy_list start
2025-06-04 19:30:56,624 [F2] [F3] Targets: []
2025-06-04 19:30:56,625 [F2] [F3] No buy candidates found
2025-06-04 19:31:10,477 [F2] [F3] execute_buy_list start
2025-06-04 19:31:10,477 [F2] [F3] Targets: []
2025-06-04 19:31:10,477 [F2] [F3] No buy candidates found
2025-06-04 19:31:14,328 [F2] [F3] execute_buy_list start
2025-06-04 19:31:14,330 [F2] [F3] Targets: []
2025-06-04 19:31:14,330 [F2] [F3] No buy candidates found
2025-06-04 19:31:28,047 [F2] [F3] execute_buy_list start
2025-06-04 19:31:28,047 [F2] [F3] Targets: []
2025-06-04 19:31:28,048 [F2] [F3] No buy candidates found
2025-06-04 19:31:32,047 [F2] [F3] execute_buy_list start
2025-06-04 19:31:32,048 [F2] [F3] Targets: []
2025-06-04 19:31:32,049 [F2] [F3] No buy candidates found
2025-06-04 19:31:45,760 [F2] [F3] execute_buy_list start
2025-06-04 19:31:45,761 [F2] [F3] Targets: []
2025-06-04 19:31:45,762 [F2] [F3] No buy candidates found
2025-06-04 19:31:49,891 [F2] [F3] execute_buy_list start
2025-06-04 19:31:49,891 [F2] [F3] Targets: []
2025-06-04 19:31:49,892 [F2] [F3] No buy candidates found
2025-06-04 19:32:03,481 [F2] [F3] execute_buy_list start
2025-06-04 19:32:03,482 [F2] [F3] Targets: []
2025-06-04 19:32:03,482 [F2] [F3] No buy candidates found
2025-06-04 19:32:07,689 [F2] [F3] execute_buy_list start
2025-06-04 19:32:07,690 [F2] [F3] Targets: []
2025-06-04 19:32:07,691 [F2] [F3] No buy candidates found
2025-06-04 19:32:22,323 [F2] [F3] execute_buy_list start
2025-06-04 19:32:22,324 [F2] [F3] Targets: ['KRW-PENDLE']
2025-06-04 19:32:22,389 [F2] [F3] Ticker prices: {'KRW-PENDLE': 6082.0}
2025-06-04 19:32:22,390 [F2] [F3] Executing buy for KRW-PENDLE at 6082.0
2025-06-04 19:32:49,594 [F2] execute_buy_list failed: [Errno 36] Resource deadlock avoided
Traceback (most recent call last):
  File "D:\UPBIT_ML\f3_order\order_executor.py", line 296, in entry
    self._set_pending_flag(symbol, 1)
  File "D:\UPBIT_ML\f3_order\order_executor.py", line 200, in _set_pending_flag
    with _buy_list_lock(path) as fh:
  File "C:\Users\hslee\AppData\Local\Programs\Python\Python310\lib\contextlib.py", line 135, in __enter__
    return next(self.gen)
  File "D:\UPBIT_ML\f3_order\order_executor.py", line 93, in _buy_list_lock
    msvcrt.locking(fh.fileno(), msvcrt.LK_LOCK, 1)
OSError: [Errno 36] Resource deadlock avoided

During handling of the above exception, another exception occurred:

Traceback (most recent call last):
  File "D:\UPBIT_ML\f2_ml_buy_signal\03_buy_signal_engine\buy_list_executor.py", line 138, in execute_buy_list
    if oe.entry(signal):
  File "D:\UPBIT_ML\f3_order\order_executor.py", line 357, in entry
    self._set_pending_flag(signal.get("symbol"), 0)
  File "D:\UPBIT_ML\f3_order\order_executor.py", line 200, in _set_pending_flag
    with _buy_list_lock(path) as fh:
  File "C:\Users\hslee\AppData\Local\Programs\Python\Python310\lib\contextlib.py", line 135, in __enter__
    return next(self.gen)
  File "D:\UPBIT_ML\f3_order\order_executor.py", line 93, in _buy_list_lock
    msvcrt.locking(fh.fileno(), msvcrt.LK_LOCK, 1)
OSError: [Errno 36] Resource deadlock avoided
2025-06-04 19:32:52,744 [F2] [F3] execute_buy_list start
2025-06-04 19:32:52,745 [F2] [F3] Targets: ['KRW-PENDLE']
2025-06-04 19:32:52,806 [F2] [F3] Ticker prices: {'KRW-PENDLE': 6074.0}
2025-06-04 19:32:52,806 [F2] [F3] Executing buy for KRW-PENDLE at 6074.0
2025-06-04 19:33:20,071 [F2] execute_buy_list failed: [Errno 36] Resource deadlock avoided
Traceback (most recent call last):
  File "D:\UPBIT_ML\f3_order\order_executor.py", line 296, in entry
    self._set_pending_flag(symbol, 1)
  File "D:\UPBIT_ML\f3_order\order_executor.py", line 200, in _set_pending_flag
    with _buy_list_lock(path) as fh:
  File "C:\Users\hslee\AppData\Local\Programs\Python\Python310\lib\contextlib.py", line 135, in __enter__
    return next(self.gen)
  File "D:\UPBIT_ML\f3_order\order_executor.py", line 93, in _buy_list_lock
    msvcrt.locking(fh.fileno(), msvcrt.LK_LOCK, 1)
OSError: [Errno 36] Resource deadlock avoided

During handling of the above exception, another exception occurred:

Traceback (most recent call last):
  File "D:\UPBIT_ML\f2_ml_buy_signal\03_buy_signal_engine\buy_list_executor.py", line 138, in execute_buy_list
    if oe.entry(signal):
  File "D:\UPBIT_ML\f3_order\order_executor.py", line 357, in entry
    self._set_pending_flag(signal.get("symbol"), 0)
  File "D:\UPBIT_ML\f3_order\order_executor.py", line 200, in _set_pending_flag
    with _buy_list_lock(path) as fh:
  File "C:\Users\hslee\AppData\Local\Programs\Python\Python310\lib\contextlib.py", line 135, in __enter__
    return next(self.gen)
  File "D:\UPBIT_ML\f3_order\order_executor.py", line 93, in _buy_list_lock
    msvcrt.locking(fh.fileno(), msvcrt.LK_LOCK, 1)
OSError: [Errno 36] Resource deadlock avoided
2025-06-04 19:33:31,248 [F2] [F3] execute_buy_list start
2025-06-04 19:33:31,249 [F2] [F3] Targets: []
2025-06-04 19:33:31,250 [F2] [F3] No buy candidates found
2025-06-04 19:33:37,718 [F2] [F3] execute_buy_list start
2025-06-04 19:33:37,719 [F2] [F3] Targets: []
2025-06-04 19:33:37,721 [F2] [F3] No buy candidates found
2025-06-04 19:33:48,747 [F2] [F3] execute_buy_list start
2025-06-04 19:33:48,748 [F2] [F3] Targets: []
2025-06-04 19:33:48,749 [F2] [F3] No buy candidates found
2025-06-04 19:33:55,380 [F2] [F3] execute_buy_list start
2025-06-04 19:33:55,382 [F2] [F3] Targets: []
2025-06-04 19:33:55,383 [F2] [F3] No buy candidates found
2025-06-04 19:34:06,405 [F2] [F3] execute_buy_list start
2025-06-04 19:34:06,406 [F2] [F3] Targets: []
2025-06-04 19:34:06,406 [F2] [F3] No buy candidates found
